2024-03-04 22:56:18,753 INFO o.s.b.StartupInfoLogger [restartedMain] Starting LoggingApplication using Java 21 with PID 10234 (/Users/gio/Downloads/logging/target/classes started by gio in /Users/gio/Downloads/logging)
2024-03-04 22:56:18,755 INFO o.s.b.SpringApplication [restartedMain] No active profile set, falling back to 1 default profile: "default"
2024-03-04 22:56:18,794 INFO o.s.b.l.DeferredLog [restartedMain] Devtools property defaults active! Set 'spring.devtools.add-properties' to 'false' to disable
2024-03-04 22:56:18,794 INFO o.s.b.l.DeferredLog [restartedMain] For additional web related logging consider setting the 'logging.level.web' property to 'DEBUG'
2024-03-04 22:56:19,599 INFO o.s.b.w.e.t.TomcatWebServer [restartedMain] Tomcat initialized with port 8080 (http)
2024-03-04 22:56:19,610 INFO o.a.j.l.DirectJDKLog [restartedMain] Initializing ProtocolHandler ["http-nio-8080"]
2024-03-04 22:56:19,613 INFO o.a.j.l.DirectJDKLog [restartedMain] Starting service [Tomcat]
2024-03-04 22:56:19,613 INFO o.a.j.l.DirectJDKLog [restartedMain] Starting Servlet engine: [Apache Tomcat/10.1.19]
2024-03-04 22:56:19,648 INFO o.a.j.l.DirectJDKLog [restartedMain] Initializing Spring embedded WebApplicationContext
2024-03-04 22:56:19,649 INFO o.s.b.w.s.c.ServletWebServerApplicationContext [restartedMain] Root WebApplicationContext: initialization completed in 853 ms
2024-03-04 22:56:19,960 INFO o.s.b.d.a.OptionalLiveReloadServer [restartedMain] LiveReload server is running on port 35729
2024-03-04 22:56:19,970 INFO o.a.j.l.DirectJDKLog [restartedMain] Starting ProtocolHandler ["http-nio-8080"]
2024-03-04 22:56:19,981 INFO o.s.b.w.e.t.TomcatWebServer [restartedMain] Tomcat started on port 8080 (http) with context path ''
2024-03-04 22:56:19,989 INFO o.s.b.StartupInfoLogger [restartedMain] Started LoggingApplication in 1.646 seconds (process running for 1.995)
2024-03-04 22:58:17,764 INFO o.s.b.StartupInfoLogger [restartedMain] Starting LoggingApplication using Java 21 with PID 10279 (/Users/gio/Downloads/logging/target/classes started by gio in /Users/gio/Downloads/logging)
2024-03-04 22:58:17,766 INFO o.s.b.SpringApplication [restartedMain] No active profile set, falling back to 1 default profile: "default"
2024-03-04 22:58:17,806 INFO o.s.b.l.DeferredLog [restartedMain] Devtools property defaults active! Set 'spring.devtools.add-properties' to 'false' to disable
2024-03-04 22:58:17,806 INFO o.s.b.l.DeferredLog [restartedMain] For additional web related logging consider setting the 'logging.level.web' property to 'DEBUG'
2024-03-04 22:58:18,716 INFO o.s.b.w.e.t.TomcatWebServer [restartedMain] Tomcat initialized with port 8080 (http)
2024-03-04 22:58:18,727 INFO o.a.j.l.DirectJDKLog [restartedMain] Initializing ProtocolHandler ["http-nio-8080"]
2024-03-04 22:58:18,730 INFO o.a.j.l.DirectJDKLog [restartedMain] Starting service [Tomcat]
2024-03-04 22:58:18,730 INFO o.a.j.l.DirectJDKLog [restartedMain] Starting Servlet engine: [Apache Tomcat/10.1.19]
2024-03-04 22:58:18,765 INFO o.a.j.l.DirectJDKLog [restartedMain] Initializing Spring embedded WebApplicationContext
2024-03-04 22:58:18,766 INFO o.s.b.w.s.c.ServletWebServerApplicationContext [restartedMain] Root WebApplicationContext: initialization completed in 960 ms
2024-03-04 22:58:19,065 INFO o.s.b.d.a.OptionalLiveReloadServer [restartedMain] LiveReload server is running on port 35729
2024-03-04 22:58:19,077 INFO o.a.j.l.DirectJDKLog [restartedMain] Starting ProtocolHandler ["http-nio-8080"]
2024-03-04 22:58:19,088 INFO o.s.b.w.e.t.TomcatWebServer [restartedMain] Tomcat started on port 8080 (http) with context path ''
2024-03-04 22:58:19,098 INFO o.s.b.StartupInfoLogger [restartedMain] Started LoggingApplication in 1.773 seconds (process running for 2.174)
2024-03-04 22:58:37,326 INFO o.a.j.l.DirectJDKLog [http-nio-8080-exec-1] Initializing Spring DispatcherServlet 'dispatcherServlet'
2024-03-04 22:58:37,327 INFO o.s.w.s.FrameworkServlet [http-nio-8080-exec-1] Initializing Servlet 'dispatcherServlet'
2024-03-04 22:58:37,328 INFO o.s.w.s.FrameworkServlet [http-nio-8080-exec-1] Completed initialization in 1 ms
2024-03-04 22:58:37,353 INFO c.a.l.IdkController [http-nio-8080-exec-1] just a welcome message
2024-03-04 22:59:01,898 INFO c.a.l.IdkController [http-nio-8080-exec-3] Starting calculation
2024-03-04 22:59:01,898 INFO c.a.l.IdkController [http-nio-8080-exec-3] Finishing calculation
2024-03-04 22:59:01,899 INFO c.a.l.IdkService [http-nio-8080-exec-3] Starting calculation
2024-03-04 22:59:01,899 INFO c.a.l.IdkService [http-nio-8080-exec-3] Finishing calculation
2024-03-04 23:00:02,734 ERROR c.a.l.IdkController [http-nio-8080-exec-6] ERROR detected
